<?xml version="1.0" encoding="UTF-8"?>
<!-- Generated by org.testng.reporters.JUnitReportReporter -->
<testsuite hostname="LAPTOP-MRSAD92K" failures="0" tests="3" name="com.CRM.TestCase.HomePageTestCase" time="0.905" errors="0" timestamp="2025-02-03T17:37:15 IST" skipped="0">
  <testcase classname="com.CRM.TestCase.HomePageTestCase" name="verifyUrl" time="0.032"/>
  <system-out/>
  <testcase classname="com.CRM.TestCase.HomePageTestCase" name="verifyTitle" time="0.013"/>
  <system-out/>
  <testcase classname="com.CRM.TestCase.HomePageTestCase" name="validateSIgnInLink" time="0.860"/>
  <system-out/>
</testsuite> <!-- com.CRM.TestCase.HomePageTestCase -->
